../forge-overrides/frontend/src/components/KanbanBoardWithWidgets.tsx(2,34): error TS2307: Cannot find module '@/shared/types' or its corresponding type declarations.
../forge-overrides/frontend/src/components/KanbanBoardWithWidgets.tsx(5,10): error TS2305: Module '"@/components/genie-widgets"' has no exported member 'ColumnWithWidget'.
../forge-overrides/frontend/src/components/auth/AuthGate.tsx(2,31): error TS2307: Cannot find module '@/components/config-provider' or its corresponding type declarations.
../forge-overrides/frontend/src/components/auth/AuthGate.tsx(3,24): error TS2307: Cannot find module '@/components/ui/loader' or its corresponding type declarations.
../forge-overrides/frontend/src/components/breadcrumb.tsx(3,28): error TS2307: Cannot find module '@/contexts/project-context' or its corresponding type declarations.
../forge-overrides/frontend/src/components/dialogs/tasks/TaskFormDialog.tsx(3,24): error TS2307: Cannot find module '@/components/ui/button' or its corresponding type declarations.
../forge-overrides/frontend/src/components/dialogs/tasks/TaskFormDialog.tsx(7,8): error TS2307: Cannot find module '@/components/ui/ImageUploadSection' or its corresponding type declarations.
../forge-overrides/frontend/src/components/dialogs/tasks/TaskFormDialog.tsx(13,8): error TS2307: Cannot find module '@/components/ui/dialog' or its corresponding type declarations.
../forge-overrides/frontend/src/components/dialogs/tasks/TaskFormDialog.tsx(14,23): error TS2307: Cannot find module '@/components/ui/input' or its corresponding type declarations.
../forge-overrides/frontend/src/components/dialogs/tasks/TaskFormDialog.tsx(15,36): error TS2307: Cannot find module '@/components/ui/file-search-textarea' or its corresponding type declarations.
../forge-overrides/frontend/src/components/dialogs/tasks/TaskFormDialog.tsx(16,23): error TS2307: Cannot find module '@/components/ui/label' or its corresponding type declarations.
../forge-overrides/frontend/src/components/dialogs/tasks/TaskFormDialog.tsx(23,8): error TS2307: Cannot find module '@/components/ui/select' or its corresponding type declarations.
../forge-overrides/frontend/src/components/dialogs/tasks/TaskFormDialog.tsx(24,67): error TS2307: Cannot find module '@/lib/api' or its corresponding type declarations.
../forge-overrides/frontend/src/components/dialogs/tasks/TaskFormDialog.tsx(25,34): error TS2307: Cannot find module '@/hooks/useTaskMutations' or its corresponding type declarations.
../forge-overrides/frontend/src/components/dialogs/tasks/TaskFormDialog.tsx(26,31): error TS2307: Cannot find module '@/components/config-provider' or its corresponding type declarations.
../forge-overrides/frontend/src/components/dialogs/tasks/TaskFormDialog.tsx(27,41): error TS2307: Cannot find module '@/components/settings' or its corresponding type declarations.
../forge-overrides/frontend/src/components/dialogs/tasks/TaskFormDialog.tsx(28,28): error TS2307: Cannot find module '@/components/tasks/BranchSelector' or its corresponding type declarations.
../forge-overrides/frontend/src/components/dialogs/tasks/TaskFormDialog.tsx(37,62): error TS2307: Cannot find module '@/keyboard' or its corresponding type declarations.
../forge-overrides/frontend/src/components/dialogs/tasks/TaskFormDialog.tsx(141,20): error TS7006: Parameter 'taskImages' implicitly has an 'any' type.
../forge-overrides/frontend/src/components/dialogs/tasks/TaskFormDialog.tsx(142,21): error TS7006: Parameter 'err' implicitly has an 'any' type.
../forge-overrides/frontend/src/components/dialogs/tasks/TaskFormDialog.tsx(199,37): error TS7006: Parameter 'b' implicitly has an 'any' type.
../forge-overrides/frontend/src/components/dialogs/tasks/TaskFormDialog.tsx(205,59): error TS7006: Parameter 'b' implicitly has an 'any' type.
../forge-overrides/frontend/src/components/dialogs/tasks/TaskFormDialog.tsx(227,18): error TS7006: Parameter 'attempt' implicitly has an 'any' type.
../forge-overrides/frontend/src/components/dialogs/tasks/TaskFormDialog.tsx(522,30): error TS7006: Parameter 'e' implicitly has an 'any' type.
../forge-overrides/frontend/src/components/dialogs/tasks/TaskFormDialog.tsx(624,37): error TS7006: Parameter 'value' implicitly has an 'any' type.
../forge-overrides/frontend/src/components/genie-widgets/ColumnWithWidget.tsx(36,9): error TS2322: Type 'ComponentType<any>' is not assignable to type 'LucideIcon'.
  Property '$$typeof' is missing in type 'ComponentClass<any, any>' but required in type 'ForwardRefExoticComponent<Omit<LucideProps, "ref"> & RefAttributes<SVGSVGElement>>'.
../forge-overrides/frontend/src/components/genie-widgets/SubGenieWidget.stories.tsx(1,37): error TS2307: Cannot find module '@storybook/react' or its corresponding type declarations.
../forge-overrides/frontend/src/components/genie-widgets/SubGenieWidget.stories.tsx(52,21): error TS7006: Parameter 'msg' implicitly has an 'any' type.
../forge-overrides/frontend/src/components/genie-widgets/SubGenieWidget.stories.tsx(53,23): error TS7006: Parameter 'id' implicitly has an 'any' type.
../forge-overrides/frontend/src/components/genie-widgets/SubGenieWidget.stories.tsx(54,21): error TS7006: Parameter 'id' implicitly has an 'any' type.
../forge-overrides/frontend/src/components/genie-widgets/SubGenieWidget.stories.tsx(54,25): error TS7006: Parameter 'enabled' implicitly has an 'any' type.
../forge-overrides/frontend/src/components/layout/navbar.tsx(3,24): error TS2307: Cannot find module '@/components/ui/button' or its corresponding type declarations.
../forge-overrides/frontend/src/components/layout/navbar.tsx(10,8): error TS2307: Cannot find module '@/components/ui/dropdown-menu' or its corresponding type declarations.
../forge-overrides/frontend/src/components/layout/navbar.tsx(20,27): error TS2307: Cannot find module '@/components/search-bar' or its corresponding type declarations.
../forge-overrides/frontend/src/components/layout/navbar.tsx(21,27): error TS2307: Cannot find module '@/contexts/search-context' or its corresponding type declarations.
../forge-overrides/frontend/src/components/layout/navbar.tsx(22,30): error TS2307: Cannot find module '@/lib/openTaskForm' or its corresponding type declarations.
../forge-overrides/frontend/src/components/layout/navbar.tsx(23,28): error TS2307: Cannot find module '@/contexts/project-context' or its corresponding type declarations.
../forge-overrides/frontend/src/components/layout/navbar.tsx(24,33): error TS2307: Cannot find module '@/lib/modals' or its corresponding type declarations.
../forge-overrides/frontend/src/components/layout/navbar.tsx(25,40): error TS2307: Cannot find module '@/hooks/useOpenProjectInEditor' or its corresponding type declarations.
../forge-overrides/frontend/src/components/logo.tsx(1,26): error TS2307: Cannot find module '@/components/theme-provider' or its corresponding type declarations.
../forge-overrides/frontend/src/components/omni/OmniCard.tsx(7,8): error TS2307: Cannot find module '@/components/ui/card' or its corresponding type declarations.
../forge-overrides/frontend/src/components/omni/OmniCard.tsx(8,24): error TS2307: Cannot find module '@/components/ui/button' or its corresponding type declarations.
../forge-overrides/frontend/src/components/omni/OmniCard.tsx(9,26): error TS2307: Cannot find module '@/components/ui/checkbox' or its corresponding type declarations.
../forge-overrides/frontend/src/components/omni/OmniCard.tsx(10,23): error TS2307: Cannot find module '@/components/ui/label' or its corresponding type declarations.
../forge-overrides/frontend/src/components/omni/OmniCard.tsx(17,8): error TS2307: Cannot find module '@/components/ui/dropdown-menu' or its corresponding type declarations.
../forge-overrides/frontend/src/components/omni/OmniModal.tsx(9,8): error TS2307: Cannot find module '@/components/ui/dialog' or its corresponding type declarations.
../forge-overrides/frontend/src/components/omni/OmniModal.tsx(10,24): error TS2307: Cannot find module '@/components/ui/button' or its corresponding type declarations.
../forge-overrides/frontend/src/components/omni/OmniModal.tsx(11,23): error TS2307: Cannot find module '@/components/ui/input' or its corresponding type declarations.
../forge-overrides/frontend/src/components/omni/OmniModal.tsx(12,23): error TS2307: Cannot find module '@/components/ui/label' or its corresponding type declarations.
../forge-overrides/frontend/src/components/omni/OmniModal.tsx(19,8): error TS2307: Cannot find module '@/components/ui/select' or its corresponding type declarations.
../forge-overrides/frontend/src/components/omni/OmniModal.tsx(20,41): error TS2307: Cannot find module '@/components/ui/alert' or its corresponding type declarations.
../forge-overrides/frontend/src/components/omni/OmniModal.tsx(143,26): error TS7006: Parameter 'e' implicitly has an 'any' type.
../forge-overrides/frontend/src/components/omni/OmniModal.tsx(154,26): error TS7006: Parameter 'e' implicitly has an 'any' type.
../forge-overrides/frontend/src/components/omni/OmniModal.tsx(181,35): error TS7006: Parameter 'value' implicitly has an 'any' type.
../forge-overrides/frontend/src/components/omni/OmniModal.tsx(207,30): error TS7006: Parameter 'e' implicitly has an 'any' type.
../forge-overrides/frontend/src/components/settings/ExecutorProfileSelector.tsx(2,24): error TS2307: Cannot find module '@/components/ui/button' or its corresponding type declarations.
../forge-overrides/frontend/src/components/settings/ExecutorProfileSelector.tsx(8,8): error TS2307: Cannot find module '@/components/ui/dropdown-menu' or its corresponding type declarations.
../forge-overrides/frontend/src/components/settings/ExecutorProfileSelector.tsx(9,23): error TS2307: Cannot find module '@/components/ui/label' or its corresponding type declarations.
../forge-overrides/frontend/src/hooks/useFilteredTasks.ts(2,34): error TS2307: Cannot find module '@/shared/types' or its corresponding type declarations.
../forge-overrides/frontend/src/main.tsx(4,17): error TS2307: Cannot find module '@/App.tsx' or its corresponding type declarations.
../forge-overrides/frontend/src/main.tsx(11,18): error TS2307: Cannot find module '@/i18n' or its corresponding type declarations.
../forge-overrides/frontend/src/main.tsx(39,8): error TS2307: Cannot find module '@/components/dialogs' or its corresponding type declarations.
../forge-overrides/frontend/src/main.tsx(40,37): error TS2307: Cannot find module '@/components/dialogs/tasks/CreateAttemptDialog' or its corresponding type declarations.
../forge-overrides/frontend/src/pages/settings/GeneralSettings.tsx(10,8): error TS2307: Cannot find module '@/components/ui/card' or its corresponding type declarations.
../forge-overrides/frontend/src/pages/settings/GeneralSettings.tsx(11,24): error TS2307: Cannot find module '@/components/ui/button' or its corresponding type declarations.
../forge-overrides/frontend/src/pages/settings/GeneralSettings.tsx(18,8): error TS2307: Cannot find module '@/components/ui/select' or its corresponding type declarations.
../forge-overrides/frontend/src/pages/settings/GeneralSettings.tsx(24,8): error TS2307: Cannot find module '@/components/ui/dropdown-menu' or its corresponding type declarations.
../forge-overrides/frontend/src/pages/settings/GeneralSettings.tsx(25,23): error TS2307: Cannot find module '@/components/ui/label' or its corresponding type declarations.
../forge-overrides/frontend/src/pages/settings/GeneralSettings.tsx(26,23): error TS2307: Cannot find module '@/components/ui/input' or its corresponding type declarations.
../forge-overrides/frontend/src/pages/settings/GeneralSettings.tsx(27,41): error TS2307: Cannot find module '@/components/ui/alert' or its corresponding type declarations.
../forge-overrides/frontend/src/pages/settings/GeneralSettings.tsx(28,26): error TS2307: Cannot find module '@/components/ui/checkbox' or its corresponding type declarations.
../forge-overrides/frontend/src/pages/settings/GeneralSettings.tsx(38,36): error TS2307: Cannot find module '@/i18n/languages' or its corresponding type declarations.
../forge-overrides/frontend/src/pages/settings/GeneralSettings.tsx(42,30): error TS2307: Cannot find module '@/utils/string' or its corresponding type declarations.
../forge-overrides/frontend/src/pages/settings/GeneralSettings.tsx(43,26): error TS2307: Cannot find module '@/components/theme-provider' or its corresponding type declarations.
../forge-overrides/frontend/src/pages/settings/GeneralSettings.tsx(44,31): error TS2307: Cannot find module '@/components/config-provider' or its corresponding type declarations.
../forge-overrides/frontend/src/pages/settings/GeneralSettings.tsx(45,37): error TS2307: Cannot find module '@/components/TaskTemplateManager' or its corresponding type declarations.
../forge-overrides/frontend/src/pages/settings/GeneralSettings.tsx(299,39): error TS7006: Parameter 'option' implicitly has an 'any' type.
../forge-overrides/frontend/src/pages/settings/GeneralSettings.tsx(537,26): error TS7006: Parameter 'e' implicitly has an 'any' type.
../forge-overrides/frontend/src/pages/settings/McpSettings.tsx(9,8): error TS2307: Cannot find module '@/components/ui/card' or its corresponding type declarations.
../forge-overrides/frontend/src/pages/settings/McpSettings.tsx(10,24): error TS2307: Cannot find module '@/components/ui/button' or its corresponding type declarations.
../forge-overrides/frontend/src/pages/settings/McpSettings.tsx(17,8): error TS2307: Cannot find module '@/components/ui/select' or its corresponding type declarations.
../forge-overrides/frontend/src/pages/settings/McpSettings.tsx(24,8): error TS2307: Cannot find module '@/components/ui/carousel' or its corresponding type declarations.
../forge-overrides/frontend/src/pages/settings/McpSettings.tsx(25,23): error TS2307: Cannot find module '@/components/ui/label' or its corresponding type declarations.
../forge-overrides/frontend/src/pages/settings/McpSettings.tsx(26,41): error TS2307: Cannot find module '@/components/ui/alert' or its corresponding type declarations.
../forge-overrides/frontend/src/pages/settings/McpSettings.tsx(27,28): error TS2307: Cannot find module '@/components/ui/json-editor' or its corresponding type declarations.
../forge-overrides/frontend/src/pages/settings/McpSettings.tsx(31,31): error TS2307: Cannot find module '@/components/config-provider' or its corresponding type declarations.
../forge-overrides/frontend/src/pages/settings/McpSettings.tsx(32,31): error TS2307: Cannot find module '@/lib/api' or its corresponding type declarations.
../forge-overrides/frontend/src/pages/settings/McpSettings.tsx(33,42): error TS2307: Cannot find module '@/lib/mcp-strategies' or its corresponding type declarations.
../forge-overrides/frontend/src/pages/settings/McpSettings.tsx(60,28): error TS2345: Argument of type 'unknown' is not assignable to parameter of type 'SetStateAction<ExecutorConfig | null>'.
../forge-overrides/frontend/src/pages/settings/index.ts(5,60): error TS2307: Cannot find module '../../../../../upstream/frontend/src/pages/settings' or its corresponding type declarations.
../forge-overrides/frontend/src/utils/taskStatusMapping.ts(2,28): error TS2307: Cannot find module '@/shared/types' or its corresponding type declarations.
